c:\users\delar\onedrive\desktop\farlight-84-external-main\hackexternal\x64\release\vc143.pdb
c:\users\delar\onedrive\desktop\farlight-84-external-main\hackexternal\x64\release\main.obj
c:\users\delar\onedrive\desktop\farlight-84-external-main\hackexternal\x64\release\imgui_widgets.obj
c:\users\delar\onedrive\desktop\farlight-84-external-main\hackexternal\x64\release\imgui_tables.obj
c:\users\delar\onedrive\desktop\farlight-84-external-main\hackexternal\x64\release\imgui_impl_win32.obj
c:\users\delar\onedrive\desktop\farlight-84-external-main\hackexternal\x64\release\imgui_impl_dx9.obj
c:\users\delar\onedrive\desktop\farlight-84-external-main\hackexternal\x64\release\imgui_draw.obj
c:\users\delar\onedrive\desktop\farlight-84-external-main\hackexternal\x64\release\imgui_demo.obj
c:\users\delar\onedrive\desktop\farlight-84-external-main\hackexternal\x64\release\imgui.obj
c:\users\delar\onedrive\desktop\farlight-84-external-main\hackexternal\x64\release\driver.obj
c:\users\delar\onedrive\desktop\farlight-84-external-main\x64\release\aimassist.exe
c:\users\delar\onedrive\desktop\farlight-84-external-main\hackexternal\x64\release\aimassist.ipdb
c:\users\delar\onedrive\desktop\farlight-84-external-main\x64\release\aimassist.pdb
c:\users\delar\onedrive\desktop\farlight-84-external-main\hackexternal\x64\release\aimassist.iobj
c:\users\delar\onedrive\desktop\farlight-84-external-main\hackexternal\x64\release\hackexternal.ipdb
c:\users\delar\onedrive\desktop\farlight-84-external-main\hackexternal\x64\release\hackexternal.iobj
c:\users\delar\onedrive\desktop\farlight-84-external-main\hackexternal\x64\release\aimassist.tlog\cl.command.1.tlog
c:\users\delar\onedrive\desktop\farlight-84-external-main\hackexternal\x64\release\aimassist.tlog\cl.items.tlog
c:\users\delar\onedrive\desktop\farlight-84-external-main\hackexternal\x64\release\aimassist.tlog\cl.read.1.tlog
c:\users\delar\onedrive\desktop\farlight-84-external-main\hackexternal\x64\release\aimassist.tlog\cl.write.1.tlog
c:\users\delar\onedrive\desktop\farlight-84-external-main\hackexternal\x64\release\aimassist.tlog\link.command.1.tlog
c:\users\delar\onedrive\desktop\farlight-84-external-main\hackexternal\x64\release\aimassist.tlog\link.read.1.tlog
c:\users\delar\onedrive\desktop\farlight-84-external-main\hackexternal\x64\release\aimassist.tlog\link.write.1.tlog
